{"/home/curty/projects/roomservice/src/cache.ts": {"path":"/home/curty/projects/roomservice/src/cache.ts","statementMap":{"0":{"start":{"line":2,"column":16},"end":{"line":9,"column":1}},"1":{"start":{"line":3,"column":4},"end":{"line":8,"column":7}},"2":{"start":{"line":4,"column":36},"end":{"line":4,"column":97}},"3":{"start":{"line":4,"column":42},"end":{"line":4,"column":70}},"4":{"start":{"line":4,"column":85},"end":{"line":4,"column":95}},"5":{"start":{"line":5,"column":35},"end":{"line":5,"column":100}},"6":{"start":{"line":5,"column":41},"end":{"line":5,"column":73}},"7":{"start":{"line":5,"column":88},"end":{"line":5,"column":98}},"8":{"start":{"line":6,"column":32},"end":{"line":6,"column":149}},"9":{"start":{"line":6,"column":97},"end":{"line":6,"column":119}},"10":{"start":{"line":7,"column":8},"end":{"line":7,"column":78}},"11":{"start":{"line":10,"column":0},"end":{"line":10,"column":62}},"12":{"start":{"line":11,"column":13},"end":{"line":11,"column":26}},"13":{"start":{"line":12,"column":12},"end":{"line":12,"column":26}},"14":{"start":{"line":13,"column":11},"end":{"line":13,"column":27}},"15":{"start":{"line":14,"column":20},"end":{"line":14,"column":42}},"16":{"start":{"line":15,"column":26},"end":{"line":15,"column":91}},"17":{"start":{"line":15,"column":41},"end":{"line":15,"column":91}},"18":{"start":{"line":16,"column":0},"end":{"line":31,"column":3}},"19":{"start":{"line":16,"column":41},"end":{"line":31,"column":2}},"20":{"start":{"line":16,"column":56},"end":{"line":31,"column":2}},"21":{"start":{"line":17,"column":22},"end":{"line":17,"column":45}},"22":{"start":{"line":19,"column":4},"end":{"line":21,"column":5}},"23":{"start":{"line":20,"column":8},"end":{"line":20,"column":20}},"24":{"start":{"line":22,"column":4},"end":{"line":30,"column":7}},"25":{"start":{"line":25,"column":8},"end":{"line":25,"column":31}},"26":{"start":{"line":29,"column":8},"end":{"line":29,"column":20}},"27":{"start":{"line":32,"column":0},"end":{"line":40,"column":3}},"28":{"start":{"line":32,"column":81},"end":{"line":40,"column":2}},"29":{"start":{"line":32,"column":96},"end":{"line":40,"column":2}},"30":{"start":{"line":33,"column":22},"end":{"line":33,"column":45}},"31":{"start":{"line":35,"column":4},"end":{"line":37,"column":5}},"32":{"start":{"line":36,"column":8},"end":{"line":36,"column":33}},"33":{"start":{"line":39,"column":4},"end":{"line":39,"column":39}},"34":{"start":{"line":41,"column":0},"end":{"line":44,"column":2}}},"fnMap":{"0":{"name":"(anonymous_0)","decl":{"start":{"line":2,"column":44},"end":{"line":2,"column":45}},"loc":{"start":{"line":2,"column":89},"end":{"line":9,"column":1}},"line":2},"1":{"name":"(anonymous_1)","decl":{"start":{"line":3,"column":36},"end":{"line":3,"column":37}},"loc":{"start":{"line":3,"column":63},"end":{"line":8,"column":5}},"line":3},"2":{"name":"fulfilled","decl":{"start":{"line":4,"column":17},"end":{"line":4,"column":26}},"loc":{"start":{"line":4,"column":34},"end":{"line":4,"column":99}},"line":4},"3":{"name":"rejected","decl":{"start":{"line":5,"column":17},"end":{"line":5,"column":25}},"loc":{"start":{"line":5,"column":33},"end":{"line":5,"column":102}},"line":5},"4":{"name":"step","decl":{"start":{"line":6,"column":17},"end":{"line":6,"column":21}},"loc":{"start":{"line":6,"column":30},"end":{"line":6,"column":151}},"line":6},"5":{"name":"(anonymous_5)","decl":{"start":{"line":6,"column":76},"end":{"line":6,"column":77}},"loc":{"start":{"line":6,"column":95},"end":{"line":6,"column":121}},"line":6},"6":{"name":"(anonymous_6)","decl":{"start":{"line":15,"column":26},"end":{"line":15,"column":27}},"loc":{"start":{"line":15,"column":41},"end":{"line":15,"column":91}},"line":15},"7":{"name":"(anonymous_7)","decl":{"start":{"line":16,"column":23},"end":{"line":16,"column":24}},"loc":{"start":{"line":16,"column":41},"end":{"line":31,"column":2}},"line":16},"8":{"name":"(anonymous_8)","decl":{"start":{"line":16,"column":41},"end":{"line":16,"column":42}},"loc":{"start":{"line":16,"column":56},"end":{"line":31,"column":2}},"line":16},"9":{"name":"(anonymous_9)","decl":{"start":{"line":16,"column":88},"end":{"line":16,"column":89}},"loc":{"start":{"line":16,"column":101},"end":{"line":31,"column":1}},"line":16},"10":{"name":"(anonymous_10)","decl":{"start":{"line":24,"column":14},"end":{"line":24,"column":15}},"loc":{"start":{"line":24,"column":25},"end":{"line":26,"column":5}},"line":24},"11":{"name":"(anonymous_11)","decl":{"start":{"line":27,"column":15},"end":{"line":27,"column":16}},"loc":{"start":{"line":27,"column":20},"end":{"line":30,"column":5}},"line":27},"12":{"name":"(anonymous_12)","decl":{"start":{"line":32,"column":17},"end":{"line":32,"column":18}},"loc":{"start":{"line":32,"column":81},"end":{"line":40,"column":2}},"line":32},"13":{"name":"(anonymous_13)","decl":{"start":{"line":32,"column":81},"end":{"line":32,"column":82}},"loc":{"start":{"line":32,"column":96},"end":{"line":40,"column":2}},"line":32},"14":{"name":"(anonymous_14)","decl":{"start":{"line":32,"column":128},"end":{"line":32,"column":129}},"loc":{"start":{"line":32,"column":141},"end":{"line":40,"column":1}},"line":32}},"branchMap":{"0":{"loc":{"start":{"line":2,"column":16},"end":{"line":9,"column":1}},"type":"binary-expr","locations":[{"start":{"line":2,"column":17},"end":{"line":2,"column":21}},{"start":{"line":2,"column":25},"end":{"line":2,"column":39}},{"start":{"line":2,"column":44},"end":{"line":9,"column":1}}],"line":2},"1":{"loc":{"start":{"line":3,"column":16},"end":{"line":3,"column":34}},"type":"binary-expr","locations":[{"start":{"line":3,"column":16},"end":{"line":3,"column":17}},{"start":{"line":3,"column":22},"end":{"line":3,"column":33}}],"line":3},"2":{"loc":{"start":{"line":6,"column":32},"end":{"line":6,"column":148}},"type":"cond-expr","locations":[{"start":{"line":6,"column":46},"end":{"line":6,"column":67}},{"start":{"line":6,"column":70},"end":{"line":6,"column":148}}],"line":6},"3":{"loc":{"start":{"line":7,"column":51},"end":{"line":7,"column":67}},"type":"binary-expr","locations":[{"start":{"line":7,"column":51},"end":{"line":7,"column":61}},{"start":{"line":7,"column":65},"end":{"line":7,"column":67}}],"line":7},"4":{"loc":{"start":{"line":19,"column":4},"end":{"line":21,"column":5}},"type":"if","locations":[{"start":{"line":19,"column":4},"end":{"line":21,"column":5}},{"start":{"line":19,"column":4},"end":{"line":21,"column":5}}],"line":19},"5":{"loc":{"start":{"line":32,"column":32},"end":{"line":32,"column":76}},"type":"default-arg","locations":[{"start":{"line":32,"column":43},"end":{"line":32,"column":76}}],"line":32},"6":{"loc":{"start":{"line":35,"column":4},"end":{"line":37,"column":5}},"type":"if","locations":[{"start":{"line":35,"column":4},"end":{"line":37,"column":5}},{"start":{"line":35,"column":4},"end":{"line":37,"column":5}}],"line":35}},"s":{"0":2,"1":4,"2":0,"3":0,"4":0,"5":0,"6":0,"7":0,"8":4,"9":0,"10":4,"11":2,"12":2,"13":2,"14":2,"15":2,"16":2,"17":1,"18":2,"19":5,"20":4,"21":4,"22":4,"23":2,"24":2,"25":2,"26":0,"27":2,"28":2,"29":0,"30":0,"31":0,"32":0,"33":0,"34":2},"f":{"0":4,"1":4,"2":0,"3":0,"4":4,"5":0,"6":1,"7":5,"8":4,"9":4,"10":2,"11":0,"12":2,"13":0,"14":0},"b":{"0":[2,2,2],"1":[4,4],"2":[4,0],"3":[4,4],"4":[2,2],"5":[2],"6":[0,0]},"_coverageSchema":"332fd63041d2c1bcb487cc26dd0d5f7d97098a6c","hash":"9f71959ebfb37e8b87be185eb3c712e980f617b7"}
,"/home/curty/projects/roomservice/src/config.ts": {"path":"/home/curty/projects/roomservice/src/config.ts","statementMap":{"0":{"start":{"line":2,"column":16},"end":{"line":9,"column":1}},"1":{"start":{"line":3,"column":4},"end":{"line":8,"column":7}},"2":{"start":{"line":4,"column":36},"end":{"line":4,"column":97}},"3":{"start":{"line":4,"column":42},"end":{"line":4,"column":70}},"4":{"start":{"line":4,"column":85},"end":{"line":4,"column":95}},"5":{"start":{"line":5,"column":35},"end":{"line":5,"column":100}},"6":{"start":{"line":5,"column":41},"end":{"line":5,"column":73}},"7":{"start":{"line":5,"column":88},"end":{"line":5,"column":98}},"8":{"start":{"line":6,"column":32},"end":{"line":6,"column":149}},"9":{"start":{"line":6,"column":97},"end":{"line":6,"column":119}},"10":{"start":{"line":7,"column":8},"end":{"line":7,"column":78}},"11":{"start":{"line":10,"column":0},"end":{"line":10,"column":62}},"12":{"start":{"line":11,"column":13},"end":{"line":11,"column":28}},"13":{"start":{"line":12,"column":11},"end":{"line":12,"column":27}},"14":{"start":{"line":13,"column":13},"end":{"line":13,"column":28}},"15":{"start":{"line":14,"column":15},"end":{"line":14,"column":32}},"16":{"start":{"line":15,"column":18},"end":{"line":19,"column":55}},"17":{"start":{"line":15,"column":34},"end":{"line":19,"column":55}},"18":{"start":{"line":17,"column":19},"end":{"line":19,"column":54}},"19":{"start":{"line":20,"column":19},"end":{"line":31,"column":2}},"20":{"start":{"line":20,"column":35},"end":{"line":31,"column":2}},"21":{"start":{"line":24,"column":4},"end":{"line":29,"column":5}},"22":{"start":{"line":25,"column":8},"end":{"line":25,"column":45}},"23":{"start":{"line":28,"column":8},"end":{"line":28,"column":27}},"24":{"start":{"line":30,"column":4},"end":{"line":30,"column":20}},"25":{"start":{"line":32,"column":14},"end":{"line":32,"column":77}},"26":{"start":{"line":32,"column":39},"end":{"line":32,"column":77}},"27":{"start":{"line":33,"column":24},"end":{"line":40,"column":1}},"28":{"start":{"line":34,"column":4},"end":{"line":36,"column":5}},"29":{"start":{"line":35,"column":8},"end":{"line":35,"column":15}},"30":{"start":{"line":37,"column":4},"end":{"line":39,"column":83}},"31":{"start":{"line":39,"column":24},"end":{"line":39,"column":80}},"32":{"start":{"line":41,"column":18},"end":{"line":49,"column":2}},"33":{"start":{"line":41,"column":39},"end":{"line":49,"column":2}},"34":{"start":{"line":42,"column":24},"end":{"line":42,"column":62}},"35":{"start":{"line":43,"column":28},"end":{"line":47,"column":10}},"36":{"start":{"line":44,"column":21},"end":{"line":44,"column":42}},"37":{"start":{"line":45,"column":8},"end":{"line":45,"column":113}},"38":{"start":{"line":46,"column":8},"end":{"line":46,"column":19}},"39":{"start":{"line":48,"column":4},"end":{"line":48,"column":64}},"40":{"start":{"line":50,"column":0},"end":{"line":50,"column":39}}},"fnMap":{"0":{"name":"(anonymous_0)","decl":{"start":{"line":2,"column":44},"end":{"line":2,"column":45}},"loc":{"start":{"line":2,"column":89},"end":{"line":9,"column":1}},"line":2},"1":{"name":"(anonymous_1)","decl":{"start":{"line":3,"column":36},"end":{"line":3,"column":37}},"loc":{"start":{"line":3,"column":63},"end":{"line":8,"column":5}},"line":3},"2":{"name":"fulfilled","decl":{"start":{"line":4,"column":17},"end":{"line":4,"column":26}},"loc":{"start":{"line":4,"column":34},"end":{"line":4,"column":99}},"line":4},"3":{"name":"rejected","decl":{"start":{"line":5,"column":17},"end":{"line":5,"column":25}},"loc":{"start":{"line":5,"column":33},"end":{"line":5,"column":102}},"line":5},"4":{"name":"step","decl":{"start":{"line":6,"column":17},"end":{"line":6,"column":21}},"loc":{"start":{"line":6,"column":30},"end":{"line":6,"column":151}},"line":6},"5":{"name":"(anonymous_5)","decl":{"start":{"line":6,"column":76},"end":{"line":6,"column":77}},"loc":{"start":{"line":6,"column":95},"end":{"line":6,"column":121}},"line":6},"6":{"name":"(anonymous_6)","decl":{"start":{"line":15,"column":18},"end":{"line":15,"column":19}},"loc":{"start":{"line":15,"column":34},"end":{"line":19,"column":55}},"line":15},"7":{"name":"(anonymous_7)","decl":{"start":{"line":17,"column":10},"end":{"line":17,"column":11}},"loc":{"start":{"line":17,"column":19},"end":{"line":19,"column":54}},"line":17},"8":{"name":"(anonymous_8)","decl":{"start":{"line":20,"column":19},"end":{"line":20,"column":20}},"loc":{"start":{"line":20,"column":35},"end":{"line":31,"column":2}},"line":20},"9":{"name":"(anonymous_9)","decl":{"start":{"line":23,"column":11},"end":{"line":23,"column":12}},"loc":{"start":{"line":23,"column":20},"end":{"line":31,"column":1}},"line":23},"10":{"name":"(anonymous_10)","decl":{"start":{"line":32,"column":14},"end":{"line":32,"column":15}},"loc":{"start":{"line":32,"column":39},"end":{"line":32,"column":77}},"line":32},"11":{"name":"(anonymous_11)","decl":{"start":{"line":33,"column":24},"end":{"line":33,"column":25}},"loc":{"start":{"line":33,"column":41},"end":{"line":40,"column":1}},"line":33},"12":{"name":"(anonymous_12)","decl":{"start":{"line":39,"column":14},"end":{"line":39,"column":15}},"loc":{"start":{"line":39,"column":24},"end":{"line":39,"column":80}},"line":39},"13":{"name":"(anonymous_13)","decl":{"start":{"line":41,"column":18},"end":{"line":41,"column":19}},"loc":{"start":{"line":41,"column":39},"end":{"line":49,"column":2}},"line":41},"14":{"name":"(anonymous_14)","decl":{"start":{"line":41,"column":71},"end":{"line":41,"column":72}},"loc":{"start":{"line":41,"column":84},"end":{"line":49,"column":1}},"line":41},"15":{"name":"(anonymous_15)","decl":{"start":{"line":43,"column":60},"end":{"line":43,"column":61}},"loc":{"start":{"line":43,"column":79},"end":{"line":47,"column":5}},"line":43}},"branchMap":{"0":{"loc":{"start":{"line":2,"column":16},"end":{"line":9,"column":1}},"type":"binary-expr","locations":[{"start":{"line":2,"column":17},"end":{"line":2,"column":21}},{"start":{"line":2,"column":25},"end":{"line":2,"column":39}},{"start":{"line":2,"column":44},"end":{"line":9,"column":1}}],"line":2},"1":{"loc":{"start":{"line":3,"column":16},"end":{"line":3,"column":34}},"type":"binary-expr","locations":[{"start":{"line":3,"column":16},"end":{"line":3,"column":17}},{"start":{"line":3,"column":22},"end":{"line":3,"column":33}}],"line":3},"2":{"loc":{"start":{"line":6,"column":32},"end":{"line":6,"column":148}},"type":"cond-expr","locations":[{"start":{"line":6,"column":46},"end":{"line":6,"column":67}},{"start":{"line":6,"column":70},"end":{"line":6,"column":148}}],"line":6},"3":{"loc":{"start":{"line":7,"column":51},"end":{"line":7,"column":67}},"type":"binary-expr","locations":[{"start":{"line":7,"column":51},"end":{"line":7,"column":61}},{"start":{"line":7,"column":65},"end":{"line":7,"column":67}}],"line":7},"4":{"loc":{"start":{"line":17,"column":19},"end":{"line":19,"column":54}},"type":"cond-expr","locations":[{"start":{"line":18,"column":6},"end":{"line":18,"column":16}},{"start":{"line":19,"column":6},"end":{"line":19,"column":54}}],"line":17},"5":{"loc":{"start":{"line":24,"column":4},"end":{"line":29,"column":5}},"type":"if","locations":[{"start":{"line":24,"column":4},"end":{"line":29,"column":5}},{"start":{"line":24,"column":4},"end":{"line":29,"column":5}}],"line":24},"6":{"loc":{"start":{"line":34,"column":4},"end":{"line":36,"column":5}},"type":"if","locations":[{"start":{"line":34,"column":4},"end":{"line":36,"column":5}},{"start":{"line":34,"column":4},"end":{"line":36,"column":5}}],"line":34},"7":{"loc":{"start":{"line":39,"column":24},"end":{"line":39,"column":80}},"type":"cond-expr","locations":[{"start":{"line":39,"column":41},"end":{"line":39,"column":66}},{"start":{"line":39,"column":69},"end":{"line":39,"column":80}}],"line":39},"8":{"loc":{"start":{"line":45,"column":79},"end":{"line":45,"column":96}},"type":"binary-expr","locations":[{"start":{"line":45,"column":79},"end":{"line":45,"column":90}},{"start":{"line":45,"column":94},"end":{"line":45,"column":96}}],"line":45}},"s":{"0":1,"1":2,"2":2,"3":2,"4":0,"5":0,"6":0,"7":0,"8":4,"9":2,"10":2,"11":1,"12":1,"13":1,"14":1,"15":1,"16":1,"17":0,"18":0,"19":1,"20":0,"21":0,"22":0,"23":0,"24":0,"25":1,"26":0,"27":1,"28":2,"29":1,"30":1,"31":1,"32":1,"33":2,"34":2,"35":2,"36":4,"37":4,"38":4,"39":2,"40":1},"f":{"0":2,"1":2,"2":2,"3":0,"4":4,"5":2,"6":0,"7":0,"8":0,"9":0,"10":0,"11":2,"12":1,"13":2,"14":2,"15":4},"b":{"0":[1,1,1],"1":[2,2],"2":[2,2],"3":[2,2],"4":[0,0],"5":[0,0],"6":[1,1],"7":[0,1],"8":[4,2]},"_coverageSchema":"332fd63041d2c1bcb487cc26dd0d5f7d97098a6c","hash":"af1baf6025c83b769e10ceac27d8741e1f661ae2"}
,"/home/curty/projects/roomservice/src/constants.ts": {"path":"/home/curty/projects/roomservice/src/constants.ts","statementMap":{"0":{"start":{"line":2,"column":0},"end":{"line":2,"column":62}},"1":{"start":{"line":3,"column":0},"end":{"line":5,"column":2}}},"fnMap":{},"branchMap":{},"s":{"0":2,"1":2},"f":{},"b":{},"_coverageSchema":"332fd63041d2c1bcb487cc26dd0d5f7d97098a6c","hash":"233f999ed3a16dab6b66a52b31bbac68fab2c4fe"}
,"/home/curty/projects/roomservice/src/queue.ts": {"path":"/home/curty/projects/roomservice/src/queue.ts","statementMap":{"0":{"start":{"line":2,"column":16},"end":{"line":9,"column":1}},"1":{"start":{"line":3,"column":4},"end":{"line":8,"column":7}},"2":{"start":{"line":4,"column":36},"end":{"line":4,"column":97}},"3":{"start":{"line":4,"column":42},"end":{"line":4,"column":70}},"4":{"start":{"line":4,"column":85},"end":{"line":4,"column":95}},"5":{"start":{"line":5,"column":35},"end":{"line":5,"column":100}},"6":{"start":{"line":5,"column":41},"end":{"line":5,"column":73}},"7":{"start":{"line":5,"column":88},"end":{"line":5,"column":98}},"8":{"start":{"line":6,"column":32},"end":{"line":6,"column":149}},"9":{"start":{"line":6,"column":97},"end":{"line":6,"column":119}},"10":{"start":{"line":7,"column":8},"end":{"line":7,"column":78}},"11":{"start":{"line":10,"column":0},"end":{"line":10,"column":62}},"12":{"start":{"line":11,"column":16},"end":{"line":11,"column":34}},"13":{"start":{"line":12,"column":15},"end":{"line":43,"column":2}},"14":{"start":{"line":12,"column":32},"end":{"line":43,"column":2}},"15":{"start":{"line":12,"column":53},"end":{"line":43,"column":2}},"16":{"start":{"line":13,"column":20},"end":{"line":13,"column":44}},"17":{"start":{"line":14,"column":4},"end":{"line":16,"column":5}},"18":{"start":{"line":15,"column":8},"end":{"line":15,"column":74}},"19":{"start":{"line":15,"column":45},"end":{"line":15,"column":72}},"20":{"start":{"line":17,"column":18},"end":{"line":23,"column":5}},"21":{"start":{"line":24,"column":4},"end":{"line":41,"column":9}},"22":{"start":{"line":24,"column":46},"end":{"line":41,"column":6}},"23":{"start":{"line":25,"column":21},"end":{"line":25,"column":38}},"24":{"start":{"line":28,"column":8},"end":{"line":40,"column":9}},"25":{"start":{"line":29,"column":12},"end":{"line":29,"column":35}},"26":{"start":{"line":33,"column":12},"end":{"line":39,"column":13}},"27":{"start":{"line":34,"column":34},"end":{"line":34,"column":45}},"28":{"start":{"line":36,"column":16},"end":{"line":38,"column":17}},"29":{"start":{"line":37,"column":20},"end":{"line":37,"column":41}},"30":{"start":{"line":42,"column":4},"end":{"line":42,"column":17}},"31":{"start":{"line":44,"column":14},"end":{"line":44,"column":34}},"32":{"start":{"line":45,"column":0},"end":{"line":45,"column":36}}},"fnMap":{"0":{"name":"(anonymous_0)","decl":{"start":{"line":2,"column":44},"end":{"line":2,"column":45}},"loc":{"start":{"line":2,"column":89},"end":{"line":9,"column":1}},"line":2},"1":{"name":"(anonymous_1)","decl":{"start":{"line":3,"column":36},"end":{"line":3,"column":37}},"loc":{"start":{"line":3,"column":63},"end":{"line":8,"column":5}},"line":3},"2":{"name":"fulfilled","decl":{"start":{"line":4,"column":17},"end":{"line":4,"column":26}},"loc":{"start":{"line":4,"column":34},"end":{"line":4,"column":99}},"line":4},"3":{"name":"rejected","decl":{"start":{"line":5,"column":17},"end":{"line":5,"column":25}},"loc":{"start":{"line":5,"column":33},"end":{"line":5,"column":102}},"line":5},"4":{"name":"step","decl":{"start":{"line":6,"column":17},"end":{"line":6,"column":21}},"loc":{"start":{"line":6,"column":30},"end":{"line":6,"column":151}},"line":6},"5":{"name":"(anonymous_5)","decl":{"start":{"line":6,"column":76},"end":{"line":6,"column":77}},"loc":{"start":{"line":6,"column":95},"end":{"line":6,"column":121}},"line":6},"6":{"name":"(anonymous_6)","decl":{"start":{"line":12,"column":15},"end":{"line":12,"column":16}},"loc":{"start":{"line":12,"column":32},"end":{"line":43,"column":2}},"line":12},"7":{"name":"(anonymous_7)","decl":{"start":{"line":12,"column":32},"end":{"line":12,"column":33}},"loc":{"start":{"line":12,"column":53},"end":{"line":43,"column":2}},"line":12},"8":{"name":"(anonymous_8)","decl":{"start":{"line":12,"column":85},"end":{"line":12,"column":86}},"loc":{"start":{"line":12,"column":98},"end":{"line":43,"column":1}},"line":12},"9":{"name":"(anonymous_9)","decl":{"start":{"line":15,"column":37},"end":{"line":15,"column":38}},"loc":{"start":{"line":15,"column":45},"end":{"line":15,"column":72}},"line":15},"10":{"name":"(anonymous_10)","decl":{"start":{"line":24,"column":36},"end":{"line":24,"column":37}},"loc":{"start":{"line":24,"column":46},"end":{"line":41,"column":6}},"line":24},"11":{"name":"(anonymous_11)","decl":{"start":{"line":24,"column":78},"end":{"line":24,"column":79}},"loc":{"start":{"line":24,"column":91},"end":{"line":41,"column":5}},"line":24}},"branchMap":{"0":{"loc":{"start":{"line":2,"column":16},"end":{"line":9,"column":1}},"type":"binary-expr","locations":[{"start":{"line":2,"column":17},"end":{"line":2,"column":21}},{"start":{"line":2,"column":25},"end":{"line":2,"column":39}},{"start":{"line":2,"column":44},"end":{"line":9,"column":1}}],"line":2},"1":{"loc":{"start":{"line":3,"column":16},"end":{"line":3,"column":34}},"type":"binary-expr","locations":[{"start":{"line":3,"column":16},"end":{"line":3,"column":17}},{"start":{"line":3,"column":22},"end":{"line":3,"column":33}}],"line":3},"2":{"loc":{"start":{"line":6,"column":32},"end":{"line":6,"column":148}},"type":"cond-expr","locations":[{"start":{"line":6,"column":46},"end":{"line":6,"column":67}},{"start":{"line":6,"column":70},"end":{"line":6,"column":148}}],"line":6},"3":{"loc":{"start":{"line":7,"column":51},"end":{"line":7,"column":67}},"type":"binary-expr","locations":[{"start":{"line":7,"column":51},"end":{"line":7,"column":61}},{"start":{"line":7,"column":65},"end":{"line":7,"column":67}}],"line":7},"4":{"loc":{"start":{"line":14,"column":4},"end":{"line":16,"column":5}},"type":"if","locations":[{"start":{"line":14,"column":4},"end":{"line":16,"column":5}},{"start":{"line":14,"column":4},"end":{"line":16,"column":5}}],"line":14},"5":{"loc":{"start":{"line":28,"column":8},"end":{"line":40,"column":9}},"type":"if","locations":[{"start":{"line":28,"column":8},"end":{"line":40,"column":9}},{"start":{"line":28,"column":8},"end":{"line":40,"column":9}}],"line":28},"6":{"loc":{"start":{"line":28,"column":12},"end":{"line":28,"column":83}},"type":"binary-expr","locations":[{"start":{"line":28,"column":12},"end":{"line":28,"column":32}},{"start":{"line":28,"column":36},"end":{"line":28,"column":83}}],"line":28},"7":{"loc":{"start":{"line":36,"column":16},"end":{"line":38,"column":17}},"type":"if","locations":[{"start":{"line":36,"column":16},"end":{"line":38,"column":17}},{"start":{"line":36,"column":16},"end":{"line":38,"column":17}}],"line":36}},"s":{"0":1,"1":4,"2":3,"3":3,"4":0,"5":0,"6":0,"7":0,"8":7,"9":3,"10":4,"11":1,"12":1,"13":1,"14":2,"15":2,"16":2,"17":2,"18":1,"19":2,"20":2,"21":2,"22":2,"23":2,"24":2,"25":0,"26":2,"27":7,"28":7,"29":5,"30":2,"31":1,"32":1},"f":{"0":4,"1":4,"2":3,"3":0,"4":7,"5":3,"6":2,"7":2,"8":2,"9":2,"10":2,"11":2},"b":{"0":[1,1,1],"1":[4,4],"2":[4,3],"3":[4,4],"4":[1,1],"5":[0,2],"6":[2,1],"7":[5,2]},"_coverageSchema":"332fd63041d2c1bcb487cc26dd0d5f7d97098a6c","hash":"c9ad6fa85bfed6a40cf1172cd6f30e55c7bcfa27"}
,"/home/curty/projects/roomservice/src/text.ts": {"path":"/home/curty/projects/roomservice/src/text.ts","statementMap":{"0":{"start":{"line":2,"column":0},"end":{"line":2,"column":62}},"1":{"start":{"line":3,"column":14},"end":{"line":3,"column":30}},"2":{"start":{"line":4,"column":24},"end":{"line":13,"column":1}},"3":{"start":{"line":5,"column":17},"end":{"line":5,"column":38}},"4":{"start":{"line":6,"column":4},"end":{"line":8,"column":5}},"5":{"start":{"line":7,"column":8},"end":{"line":7,"column":25}},"6":{"start":{"line":9,"column":4},"end":{"line":11,"column":5}},"7":{"start":{"line":10,"column":8},"end":{"line":10,"column":27}},"8":{"start":{"line":12,"column":4},"end":{"line":12,"column":21}},"9":{"start":{"line":14,"column":0},"end":{"line":22,"column":49}},"10":{"start":{"line":23,"column":20},"end":{"line":26,"column":63}},"11":{"start":{"line":27,"column":14},"end":{"line":28,"column":102}},"12":{"start":{"line":29,"column":21},"end":{"line":29,"column":124}},"13":{"start":{"line":29,"column":31},"end":{"line":29,"column":124}},"14":{"start":{"line":30,"column":14},"end":{"line":31,"column":34}},"15":{"start":{"line":32,"column":0},"end":{"line":38,"column":2}}},"fnMap":{"0":{"name":"(anonymous_0)","decl":{"start":{"line":4,"column":24},"end":{"line":4,"column":25}},"loc":{"start":{"line":4,"column":30},"end":{"line":13,"column":1}},"line":4},"1":{"name":"(anonymous_1)","decl":{"start":{"line":29,"column":21},"end":{"line":29,"column":22}},"loc":{"start":{"line":29,"column":31},"end":{"line":29,"column":124}},"line":29}},"branchMap":{"0":{"loc":{"start":{"line":6,"column":4},"end":{"line":8,"column":5}},"type":"if","locations":[{"start":{"line":6,"column":4},"end":{"line":8,"column":5}},{"start":{"line":6,"column":4},"end":{"line":8,"column":5}}],"line":6},"1":{"loc":{"start":{"line":9,"column":4},"end":{"line":11,"column":5}},"type":"if","locations":[{"start":{"line":9,"column":4},"end":{"line":11,"column":5}},{"start":{"line":9,"column":4},"end":{"line":11,"column":5}}],"line":9}},"s":{"0":1,"1":1,"2":1,"3":1,"4":1,"5":0,"6":1,"7":0,"8":1,"9":1,"10":1,"11":1,"12":1,"13":0,"14":1,"15":1},"f":{"0":1,"1":0},"b":{"0":[0,1],"1":[0,1]},"_coverageSchema":"332fd63041d2c1bcb487cc26dd0d5f7d97098a6c","hash":"995c6e9f15853ba55486eb76a07084d2a48b9a72"}
}
