TN:
SF:/home/curty/projects/roomservice/src/cache.ts
FN:2,(anonymous_0)
FN:3,(anonymous_1)
FN:4,fulfilled
FN:5,rejected
FN:6,step
FN:6,(anonymous_5)
FN:15,(anonymous_6)
FN:16,(anonymous_7)
FN:16,(anonymous_8)
FN:16,(anonymous_9)
FN:24,(anonymous_10)
FN:27,(anonymous_11)
FN:32,(anonymous_12)
FN:32,(anonymous_13)
FN:32,(anonymous_14)
FNF:15
FNH:9
FNDA:4,(anonymous_0)
FNDA:4,(anonymous_1)
FNDA:0,fulfilled
FNDA:0,rejected
FNDA:4,step
FNDA:0,(anonymous_5)
FNDA:1,(anonymous_6)
FNDA:5,(anonymous_7)
FNDA:4,(anonymous_8)
FNDA:4,(anonymous_9)
FNDA:2,(anonymous_10)
FNDA:0,(anonymous_11)
FNDA:2,(anonymous_12)
FNDA:0,(anonymous_13)
FNDA:0,(anonymous_14)
DA:2,2
DA:3,4
DA:4,0
DA:5,0
DA:6,4
DA:7,4
DA:10,2
DA:11,2
DA:12,2
DA:13,2
DA:14,2
DA:15,2
DA:16,5
DA:17,4
DA:19,4
DA:20,2
DA:22,2
DA:25,2
DA:29,0
DA:32,2
DA:33,0
DA:35,0
DA:36,0
DA:39,0
DA:41,2
LF:25
LH:18
BRDA:2,0,0,2
BRDA:2,0,1,2
BRDA:2,0,2,2
BRDA:3,1,0,4
BRDA:3,1,1,4
BRDA:6,2,0,4
BRDA:6,2,1,0
BRDA:7,3,0,4
BRDA:7,3,1,4
BRDA:19,4,0,2
BRDA:19,4,1,2
BRDA:32,5,0,2
BRDA:35,6,0,0
BRDA:35,6,1,0
BRF:14
BRH:11
end_of_record
TN:
SF:/home/curty/projects/roomservice/src/config.ts
FN:2,(anonymous_0)
FN:3,(anonymous_1)
FN:4,fulfilled
FN:5,rejected
FN:6,step
FN:6,(anonymous_5)
FN:15,(anonymous_6)
FN:17,(anonymous_7)
FN:20,(anonymous_8)
FN:23,(anonymous_9)
FN:32,(anonymous_10)
FN:33,(anonymous_11)
FN:39,(anonymous_12)
FN:41,(anonymous_13)
FN:41,(anonymous_14)
FN:43,(anonymous_15)
FNF:16
FNH:10
FNDA:2,(anonymous_0)
FNDA:2,(anonymous_1)
FNDA:2,fulfilled
FNDA:0,rejected
FNDA:4,step
FNDA:2,(anonymous_5)
FNDA:0,(anonymous_6)
FNDA:0,(anonymous_7)
FNDA:0,(anonymous_8)
FNDA:0,(anonymous_9)
FNDA:0,(anonymous_10)
FNDA:2,(anonymous_11)
FNDA:1,(anonymous_12)
FNDA:2,(anonymous_13)
FNDA:2,(anonymous_14)
FNDA:4,(anonymous_15)
DA:2,1
DA:3,2
DA:4,2
DA:5,0
DA:6,4
DA:7,2
DA:10,1
DA:11,1
DA:12,1
DA:13,1
DA:14,1
DA:15,1
DA:17,0
DA:20,1
DA:24,0
DA:25,0
DA:28,0
DA:30,0
DA:32,1
DA:33,1
DA:34,2
DA:35,1
DA:37,1
DA:39,1
DA:41,2
DA:42,2
DA:43,2
DA:44,4
DA:45,4
DA:46,4
DA:48,2
DA:50,1
LF:32
LH:26
BRDA:2,0,0,1
BRDA:2,0,1,1
BRDA:2,0,2,1
BRDA:3,1,0,2
BRDA:3,1,1,2
BRDA:6,2,0,2
BRDA:6,2,1,2
BRDA:7,3,0,2
BRDA:7,3,1,2
BRDA:17,4,0,0
BRDA:17,4,1,0
BRDA:24,5,0,0
BRDA:24,5,1,0
BRDA:34,6,0,1
BRDA:34,6,1,1
BRDA:39,7,0,0
BRDA:39,7,1,1
BRDA:45,8,0,4
BRDA:45,8,1,2
BRF:19
BRH:14
end_of_record
TN:
SF:/home/curty/projects/roomservice/src/constants.ts
FNF:0
FNH:0
DA:2,2
DA:3,2
LF:2
LH:2
BRF:0
BRH:0
end_of_record
TN:
SF:/home/curty/projects/roomservice/src/queue.ts
FN:2,(anonymous_0)
FN:3,(anonymous_1)
FN:4,fulfilled
FN:5,rejected
FN:6,step
FN:6,(anonymous_5)
FN:12,(anonymous_6)
FN:12,(anonymous_7)
FN:12,(anonymous_8)
FN:15,(anonymous_9)
FN:24,(anonymous_10)
FN:24,(anonymous_11)
FNF:12
FNH:11
FNDA:4,(anonymous_0)
FNDA:4,(anonymous_1)
FNDA:3,fulfilled
FNDA:0,rejected
FNDA:7,step
FNDA:3,(anonymous_5)
FNDA:2,(anonymous_6)
FNDA:2,(anonymous_7)
FNDA:2,(anonymous_8)
FNDA:2,(anonymous_9)
FNDA:2,(anonymous_10)
FNDA:2,(anonymous_11)
DA:2,1
DA:3,4
DA:4,3
DA:5,0
DA:6,7
DA:7,4
DA:10,1
DA:11,1
DA:12,2
DA:13,2
DA:14,2
DA:15,2
DA:17,2
DA:24,2
DA:25,2
DA:28,2
DA:29,0
DA:33,2
DA:34,7
DA:36,7
DA:37,5
DA:42,2
DA:44,1
DA:45,1
LF:24
LH:22
BRDA:2,0,0,1
BRDA:2,0,1,1
BRDA:2,0,2,1
BRDA:3,1,0,4
BRDA:3,1,1,4
BRDA:6,2,0,4
BRDA:6,2,1,3
BRDA:7,3,0,4
BRDA:7,3,1,4
BRDA:14,4,0,1
BRDA:14,4,1,1
BRDA:28,5,0,0
BRDA:28,5,1,2
BRDA:28,6,0,2
BRDA:28,6,1,1
BRDA:36,7,0,5
BRDA:36,7,1,2
BRF:17
BRH:16
end_of_record
TN:
SF:/home/curty/projects/roomservice/src/text.ts
FN:4,(anonymous_0)
FN:29,(anonymous_1)
FNF:2
FNH:1
FNDA:1,(anonymous_0)
FNDA:0,(anonymous_1)
DA:2,1
DA:3,1
DA:4,1
DA:5,1
DA:6,1
DA:7,0
DA:9,1
DA:10,0
DA:12,1
DA:14,1
DA:23,1
DA:27,1
DA:29,1
DA:30,1
DA:32,1
LF:15
LH:13
BRDA:6,0,0,0
BRDA:6,0,1,1
BRDA:9,1,0,0
BRDA:9,1,1,1
BRF:4
BRH:2
end_of_record
